<?xml version="1.0" encoding="UTF-8"?>
<testng-results ignored="0" total="1" passed="1" failed="0" skipped="0">
  <reporter-output>
  </reporter-output>
  <suite started-at="2022-05-01T01:17:53 BDT" name="Default suite" finished-at="2022-05-01T01:17:53 BDT" duration-ms="56">
    <groups>
    </groups>
    <test started-at="2022-05-01T01:17:53 BDT" name="Default test" finished-at="2022-05-01T01:17:53 BDT" duration-ms="56">
      <class name="testcase.ecomerce">
        <test-method signature="myFirstTest()[pri:0, instance:testcase.ecomerce@48e4374]" started-at="2022-05-01T01:17:53 BDT" name="myFirstTest" finished-at="2022-05-01T01:17:53 BDT" duration-ms="15" status="PASS">
          <reporter-output>
          </reporter-output>
        </test-method> <!-- myFirstTest -->
      </class> <!-- testcase.ecomerce -->
    </test> <!-- Default test -->
  </suite> <!-- Default suite -->
</testng-results>
